app/build/intermediates/manifest_merge_blame_file/debug/manifest-merger-blame-debug-report.txt
1<?xml version="1.0" encoding="utf-8"?>
2<manifest xmlns:android="http://schemas.android.com/apk/res/android"
3    package="com.duplicateremover07.app"
4    android:versionCode="6"
5    android:versionName="1.5" >
6
7    <uses-sdk
8        android:minSdkVersion="24"
9        android:targetSdkVersion="34" />
10
11    <uses-permission android:name="android.permission.READ_EXTERNAL_STORAGE" />
11-->src\main\AndroidManifest.xml:5:5-80
11-->src\main\AndroidManifest.xml:5:22-77
12    <uses-permission android:name="android.permission.READ_MEDIA_IMAGES" />
12-->src\main\AndroidManifest.xml:6:5-76
12-->src\main\AndroidManifest.xml:6:22-73
13    <uses-permission android:name="android.permission.READ_MEDIA_VIDEO" />
13-->src\main\AndroidManifest.xml:7:5-75
13-->src\main\AndroidManifest.xml:7:22-72
14    <uses-permission
14-->src\main\AndroidManifest.xml:8:5-9:38
15        android:name="android.permission.WRITE_EXTERNAL_STORAGE"
15-->src\main\AndroidManifest.xml:8:22-78
16        android:maxSdkVersion="28" />
16-->src\main\AndroidManifest.xml:9:9-35
17    <uses-permission android:name="android.permission.READ_MEDIA_AUDIO" />
17-->src\main\AndroidManifest.xml:11:5-75
17-->src\main\AndroidManifest.xml:11:22-72
18    <uses-permission android:name="android.permission.READ_CONTACTS" />
18-->src\main\AndroidManifest.xml:12:5-72
18-->src\main\AndroidManifest.xml:12:22-69
19    <uses-permission android:name="android.permission.WRITE_CONTACTS" />
19-->src\main\AndroidManifest.xml:13:5-73
19-->src\main\AndroidManifest.xml:13:22-70
20    <uses-permission android:name="android.permission.MANAGE_EXTERNAL_STORAGE" />
20-->src\main\AndroidManifest.xml:14:5-15:40
20-->src\main\AndroidManifest.xml:14:22-79
21    <uses-permission android:name="android.permission.POST_NOTIFICATIONS" />
21-->src\main\AndroidManifest.xml:16:5-77
21-->src\main\AndroidManifest.xml:16:22-74
22    <uses-permission android:name="android.permission.INTERNET" />
22-->[com.google.firebase:firebase-crashlytics:18.6.2] AndroidManifest.xml:7:5-67
22-->[com.google.firebase:firebase-crashlytics:18.6.2] AndroidManifest.xml:7:22-64
23    <uses-permission android:name="android.permission.ACCESS_NETWORK_STATE" />
23-->[com.google.android.gms:play-services-measurement-api:21.5.1] AndroidManifest.xml:23:5-79
23-->[com.google.android.gms:play-services-measurement-api:21.5.1] AndroidManifest.xml:23:22-76
24    <uses-permission android:name="android.permission.WAKE_LOCK" />
24-->[com.google.android.gms:play-services-measurement-api:21.5.1] AndroidManifest.xml:24:5-68
24-->[com.google.android.gms:play-services-measurement-api:21.5.1] AndroidManifest.xml:24:22-65
25    <uses-permission android:name="com.google.android.gms.permission.AD_ID" />
25-->[com.google.android.gms:play-services-measurement-api:21.5.1] AndroidManifest.xml:25:5-79
25-->[com.google.android.gms:play-services-measurement-api:21.5.1] AndroidManifest.xml:25:22-76
26    <uses-permission android:name="android.permission.ACCESS_ADSERVICES_ATTRIBUTION" />
26-->[com.google.android.gms:play-services-measurement-api:21.5.1] AndroidManifest.xml:26:5-88
26-->[com.google.android.gms:play-services-measurement-api:21.5.1] AndroidManifest.xml:26:22-85
27    <uses-permission android:name="android.permission.ACCESS_ADSERVICES_AD_ID" />
27-->[com.google.android.gms:play-services-measurement-api:21.5.1] AndroidManifest.xml:27:5-82
27-->[com.google.android.gms:play-services-measurement-api:21.5.1] AndroidManifest.xml:27:22-79
28    <uses-permission android:name="android.permission.RECEIVE_BOOT_COMPLETED" />
28-->[androidx.work:work-runtime:2.9.0] AndroidManifest.xml:25:5-81
28-->[androidx.work:work-runtime:2.9.0] AndroidManifest.xml:25:22-78
29    <uses-permission android:name="android.permission.FOREGROUND_SERVICE" />
29-->[androidx.work:work-runtime:2.9.0] AndroidManifest.xml:26:5-77
29-->[androidx.work:work-runtime:2.9.0] AndroidManifest.xml:26:22-74
30    <uses-permission android:name="com.google.android.finsky.permission.BIND_GET_INSTALL_REFERRER_SERVICE" />
30-->[com.google.android.gms:play-services-measurement:21.5.1] AndroidManifest.xml:26:5-110
30-->[com.google.android.gms:play-services-measurement:21.5.1] AndroidManifest.xml:26:22-107
31
32    <permission
32-->[androidx.core:core:1.12.0] AndroidManifest.xml:22:5-24:47
33        android:name="com.duplicateremover07.app.DYNAMIC_RECEIVER_NOT_EXPORTED_PERMISSION"
33-->[androidx.core:core:1.12.0] AndroidManifest.xml:23:9-81
34        android:protectionLevel="signature" />
34-->[androidx.core:core:1.12.0] AndroidManifest.xml:24:9-44
35
36    <uses-permission android:name="com.duplicateremover07.app.DYNAMIC_RECEIVER_NOT_EXPORTED_PERMISSION" />
36-->[androidx.core:core:1.12.0] AndroidManifest.xml:26:5-97
36-->[androidx.core:core:1.12.0] AndroidManifest.xml:26:22-94
37
38    <application
38-->src\main\AndroidManifest.xml:18:5-101:19
39        android:allowBackup="true"
39-->src\main\AndroidManifest.xml:19:9-35
40        android:appComponentFactory="androidx.core.app.CoreComponentFactory"
40-->[androidx.core:core:1.12.0] AndroidManifest.xml:28:18-86
41        android:debuggable="true"
42        android:extractNativeLibs="false"
43        android:icon="@mipmap/ic_launcher"
43-->src\main\AndroidManifest.xml:20:9-43
44        android:label="@string/app_name"
44-->src\main\AndroidManifest.xml:22:9-41
45        android:roundIcon="@mipmap/ic_launcher_round"
45-->src\main\AndroidManifest.xml:21:9-54
46        android:supportsRtl="true"
46-->src\main\AndroidManifest.xml:23:9-35
47        android:theme="@style/Theme.DuplicateRemover" >
47-->src\main\AndroidManifest.xml:24:9-54
48        <activity
48-->src\main\AndroidManifest.xml:26:9-34:20
49            android:name="com.duplicateremover07.app.MainActivity"
49-->src\main\AndroidManifest.xml:27:13-41
50            android:exported="true"
50-->src\main\AndroidManifest.xml:28:13-36
51            android:theme="@style/Theme.DuplicateRemover" >
51-->src\main\AndroidManifest.xml:29:13-58
52            <intent-filter>
52-->src\main\AndroidManifest.xml:30:13-33:29
53                <action android:name="android.intent.action.MAIN" />
53-->src\main\AndroidManifest.xml:31:17-69
53-->src\main\AndroidManifest.xml:31:25-66
54
55                <category android:name="android.intent.category.LAUNCHER" />
55-->src\main\AndroidManifest.xml:32:17-77
55-->src\main\AndroidManifest.xml:32:27-74
56            </intent-filter>
57        </activity>
58        <activity
58-->src\main\AndroidManifest.xml:35:9-38:61
59            android:name="com.duplicateremover07.app.ScanActivity"
59-->src\main\AndroidManifest.xml:36:13-41
60            android:exported="false"
60-->src\main\AndroidManifest.xml:37:13-37
61            android:theme="@style/Theme.DuplicateRemover" />
61-->src\main\AndroidManifest.xml:38:13-58
62        <activity
62-->src\main\AndroidManifest.xml:39:9-42:61
63            android:name="com.duplicateremover07.app.PhotoScanActivity"
63-->src\main\AndroidManifest.xml:40:13-46
64            android:exported="false"
64-->src\main\AndroidManifest.xml:41:13-37
65            android:theme="@style/Theme.DuplicateRemover" />
65-->src\main\AndroidManifest.xml:42:13-58
66        <activity
66-->src\main\AndroidManifest.xml:43:9-46:61
67            android:name="com.duplicateremover07.app.VideoScanActivity"
67-->src\main\AndroidManifest.xml:44:13-46
68            android:exported="false"
68-->src\main\AndroidManifest.xml:45:13-37
69            android:theme="@style/Theme.DuplicateRemover" />
69-->src\main\AndroidManifest.xml:46:13-58
70        <activity
70-->src\main\AndroidManifest.xml:47:9-50:61
71            android:name="com.duplicateremover07.app.DocScanActivity"
71-->src\main\AndroidManifest.xml:48:13-44
72            android:exported="false"
72-->src\main\AndroidManifest.xml:49:13-37
73            android:theme="@style/Theme.DuplicateRemover" />
73-->src\main\AndroidManifest.xml:50:13-58
74        <activity
74-->src\main\AndroidManifest.xml:51:9-54:61
75            android:name="com.duplicateremover07.app.AudioScanActivity"
75-->src\main\AndroidManifest.xml:52:13-46
76            android:exported="false"
76-->src\main\AndroidManifest.xml:53:13-37
77            android:theme="@style/Theme.DuplicateRemover" />
77-->src\main\AndroidManifest.xml:54:13-58
78        <activity
78-->src\main\AndroidManifest.xml:55:9-58:61
79            android:name="com.duplicateremover07.app.AllFilesScanActivity"
79-->src\main\AndroidManifest.xml:56:13-49
80            android:exported="false"
80-->src\main\AndroidManifest.xml:57:13-37
81            android:theme="@style/Theme.DuplicateRemover" />
81-->src\main\AndroidManifest.xml:58:13-58
82        <activity
82-->src\main\AndroidManifest.xml:59:9-62:61
83            android:name="com.duplicateremover07.app.ContactScanActivity"
83-->src\main\AndroidManifest.xml:60:13-48
84            android:exported="false"
84-->src\main\AndroidManifest.xml:61:13-37
85            android:theme="@style/Theme.DuplicateRemover" />
85-->src\main\AndroidManifest.xml:62:13-58
86        <activity
86-->src\main\AndroidManifest.xml:63:9-66:61
87            android:name="com.duplicateremover07.app.CategoriesActivity"
87-->src\main\AndroidManifest.xml:64:13-47
88            android:exported="false"
88-->src\main\AndroidManifest.xml:65:13-37
89            android:theme="@style/Theme.DuplicateRemover" />
89-->src\main\AndroidManifest.xml:66:13-58
90        <activity
90-->src\main\AndroidManifest.xml:67:9-70:61
91            android:name="com.duplicateremover07.app.ApkScanActivity"
91-->src\main\AndroidManifest.xml:68:13-44
92            android:exported="false"
92-->src\main\AndroidManifest.xml:69:13-37
93            android:theme="@style/Theme.DuplicateRemover" />
93-->src\main\AndroidManifest.xml:70:13-58
94        <activity
94-->src\main\AndroidManifest.xml:71:9-74:61
95            android:name="com.duplicateremover07.app.OthersScanActivity"
95-->src\main\AndroidManifest.xml:72:13-47
96            android:exported="false"
96-->src\main\AndroidManifest.xml:73:13-37
97            android:theme="@style/Theme.DuplicateRemover" />
97-->src\main\AndroidManifest.xml:74:13-58
98        <activity
98-->src\main\AndroidManifest.xml:75:9-78:61
99            android:name="com.duplicateremover07.app.SettingsActivity"
99-->src\main\AndroidManifest.xml:76:13-45
100            android:exported="false"
100-->src\main\AndroidManifest.xml:77:13-37
101            android:theme="@style/Theme.DuplicateRemover" />
101-->src\main\AndroidManifest.xml:78:13-58
102        <activity
102-->src\main\AndroidManifest.xml:79:9-82:61
103            android:name="com.duplicateremover07.app.PrivacyPolicyActivity"
103-->src\main\AndroidManifest.xml:80:13-50
104            android:exported="false"
104-->src\main\AndroidManifest.xml:81:13-37
105            android:theme="@style/Theme.DuplicateRemover" />
105-->src\main\AndroidManifest.xml:82:13-58
106        <activity
106-->src\main\AndroidManifest.xml:83:9-86:61
107            android:name="com.duplicateremover07.app.LanguageActivity"
107-->src\main\AndroidManifest.xml:84:13-45
108            android:exported="false"
108-->src\main\AndroidManifest.xml:85:13-37
109            android:theme="@style/Theme.DuplicateRemover" />
109-->src\main\AndroidManifest.xml:86:13-58
110
111        <meta-data
111-->src\main\AndroidManifest.xml:88:9-90:60
112            android:name="com.google.firebase.messaging.default_notification_icon"
112-->src\main\AndroidManifest.xml:89:13-83
113            android:resource="@drawable/ic_notification" />
113-->src\main\AndroidManifest.xml:90:13-57
114
115        <provider
116            android:name="androidx.core.content.FileProvider"
116-->src\main\AndroidManifest.xml:93:13-62
117            android:authorities="com.duplicateremover07.app.fileprovider"
117-->src\main\AndroidManifest.xml:94:13-64
118            android:exported="false"
118-->src\main\AndroidManifest.xml:95:13-37
119            android:grantUriPermissions="true" >
119-->src\main\AndroidManifest.xml:96:13-47
120            <meta-data
120-->src\main\AndroidManifest.xml:97:13-99:54
121                android:name="android.support.FILE_PROVIDER_PATHS"
121-->src\main\AndroidManifest.xml:98:17-67
122                android:resource="@xml/file_paths" />
122-->src\main\AndroidManifest.xml:99:17-51
123        </provider>
124
125        <service
125-->[com.google.firebase:firebase-crashlytics-ktx:18.6.2] AndroidManifest.xml:21:9-27:19
126            android:name="com.google.firebase.components.ComponentDiscoveryService"
126-->[com.google.firebase:firebase-crashlytics-ktx:18.6.2] AndroidManifest.xml:22:13-84
127            android:directBootAware="true"
127-->[com.google.firebase:firebase-common:20.4.2] AndroidManifest.xml:32:13-43
128            android:exported="false" >
128-->[com.google.firebase:firebase-crashlytics-ktx:18.6.2] AndroidManifest.xml:23:13-37
129            <meta-data
129-->[com.google.firebase:firebase-crashlytics-ktx:18.6.2] AndroidManifest.xml:24:13-26:85
130                android:name="com.google.firebase.components:com.google.firebase.crashlytics.ktx.FirebaseCrashlyticsKtxRegistrar"
130-->[com.google.firebase:firebase-crashlytics-ktx:18.6.2] AndroidManifest.xml:25:17-130
131                android:value="com.google.firebase.components.ComponentRegistrar" />
131-->[com.google.firebase:firebase-crashlytics-ktx:18.6.2] AndroidManifest.xml:26:17-82
132            <meta-data
132-->[com.google.firebase:firebase-analytics-ktx:21.5.1] AndroidManifest.xml:11:13-13:85
133                android:name="com.google.firebase.components:com.google.firebase.analytics.ktx.FirebaseAnalyticsLegacyRegistrar"
133-->[com.google.firebase:firebase-analytics-ktx:21.5.1] AndroidManifest.xml:12:17-129
134                android:value="com.google.firebase.components.ComponentRegistrar" />
134-->[com.google.firebase:firebase-analytics-ktx:21.5.1] AndroidManifest.xml:13:17-82
135            <meta-data
135-->[com.google.firebase:firebase-crashlytics:18.6.2] AndroidManifest.xml:15:13-17:85
136                android:name="com.google.firebase.components:com.google.firebase.crashlytics.FirebaseCrashlyticsKtxRegistrar"
136-->[com.google.firebase:firebase-crashlytics:18.6.2] AndroidManifest.xml:16:17-126
137                android:value="com.google.firebase.components.ComponentRegistrar" />
137-->[com.google.firebase:firebase-crashlytics:18.6.2] AndroidManifest.xml:17:17-82
138            <meta-data
138-->[com.google.firebase:firebase-crashlytics:18.6.2] AndroidManifest.xml:18:13-20:85
139                android:name="com.google.firebase.components:com.google.firebase.crashlytics.CrashlyticsRegistrar"
139-->[com.google.firebase:firebase-crashlytics:18.6.2] AndroidManifest.xml:19:17-115
140                android:value="com.google.firebase.components.ComponentRegistrar" />
140-->[com.google.firebase:firebase-crashlytics:18.6.2] AndroidManifest.xml:20:17-82
141            <meta-data
141-->[com.google.firebase:firebase-sessions:1.2.1] AndroidManifest.xml:29:13-31:85
142                android:name="com.google.firebase.components:com.google.firebase.sessions.FirebaseSessionsRegistrar"
142-->[com.google.firebase:firebase-sessions:1.2.1] AndroidManifest.xml:30:17-117
143                android:value="com.google.firebase.components.ComponentRegistrar" />
143-->[com.google.firebase:firebase-sessions:1.2.1] AndroidManifest.xml:31:17-82
144            <meta-data
144-->[com.google.android.gms:play-services-measurement-api:21.5.1] AndroidManifest.xml:37:13-39:85
145                android:name="com.google.firebase.components:com.google.firebase.analytics.connector.internal.AnalyticsConnectorRegistrar"
145-->[com.google.android.gms:play-services-measurement-api:21.5.1] AndroidManifest.xml:38:17-139
146                android:value="com.google.firebase.components.ComponentRegistrar" />
146-->[com.google.android.gms:play-services-measurement-api:21.5.1] AndroidManifest.xml:39:17-82
147            <meta-data
147-->[com.google.firebase:firebase-installations:17.2.0] AndroidManifest.xml:15:13-17:85
148                android:name="com.google.firebase.components:com.google.firebase.installations.FirebaseInstallationsKtxRegistrar"
148-->[com.google.firebase:firebase-installations:17.2.0] AndroidManifest.xml:16:17-130
149                android:value="com.google.firebase.components.ComponentRegistrar" />
149-->[com.google.firebase:firebase-installations:17.2.0] AndroidManifest.xml:17:17-82
150            <meta-data
150-->[com.google.firebase:firebase-installations:17.2.0] AndroidManifest.xml:18:13-20:85
151                android:name="com.google.firebase.components:com.google.firebase.installations.FirebaseInstallationsRegistrar"
151-->[com.google.firebase:firebase-installations:17.2.0] AndroidManifest.xml:19:17-127
152                android:value="com.google.firebase.components.ComponentRegistrar" />
152-->[com.google.firebase:firebase-installations:17.2.0] AndroidManifest.xml:20:17-82
153            <meta-data
153-->[com.google.firebase:firebase-common-ktx:20.4.2] AndroidManifest.xml:12:13-14:85
154                android:name="com.google.firebase.components:com.google.firebase.ktx.FirebaseCommonLegacyRegistrar"
154-->[com.google.firebase:firebase-common-ktx:20.4.2] AndroidManifest.xml:13:17-116
155                android:value="com.google.firebase.components.ComponentRegistrar" />
155-->[com.google.firebase:firebase-common-ktx:20.4.2] AndroidManifest.xml:14:17-82
156            <meta-data
156-->[com.google.firebase:firebase-common:20.4.2] AndroidManifest.xml:35:13-37:85
157                android:name="com.google.firebase.components:com.google.firebase.FirebaseCommonKtxRegistrar"
157-->[com.google.firebase:firebase-common:20.4.2] AndroidManifest.xml:36:17-109
158                android:value="com.google.firebase.components.ComponentRegistrar" />
158-->[com.google.firebase:firebase-common:20.4.2] AndroidManifest.xml:37:17-82
159            <meta-data
159-->[com.google.firebase:firebase-datatransport:18.1.8] AndroidManifest.xml:27:13-29:85
160                android:name="com.google.firebase.components:com.google.firebase.datatransport.TransportRegistrar"
160-->[com.google.firebase:firebase-datatransport:18.1.8] AndroidManifest.xml:28:17-115
161                android:value="com.google.firebase.components.ComponentRegistrar" />
161-->[com.google.firebase:firebase-datatransport:18.1.8] AndroidManifest.xml:29:17-82
162        </service>
163        <service
163-->[com.google.firebase:firebase-sessions:1.2.1] AndroidManifest.xml:22:9-25:40
164            android:name="com.google.firebase.sessions.SessionLifecycleService"
164-->[com.google.firebase:firebase-sessions:1.2.1] AndroidManifest.xml:23:13-80
165            android:enabled="true"
165-->[com.google.firebase:firebase-sessions:1.2.1] AndroidManifest.xml:24:13-35
166            android:exported="false" />
166-->[com.google.firebase:firebase-sessions:1.2.1] AndroidManifest.xml:25:13-37
167
168        <property
168-->[com.google.android.gms:play-services-measurement-api:21.5.1] AndroidManifest.xml:30:9-32:61
169            android:name="android.adservices.AD_SERVICES_CONFIG"
169-->[com.google.android.gms:play-services-measurement-api:21.5.1] AndroidManifest.xml:31:13-65
170            android:resource="@xml/ga_ad_services_config" />
170-->[com.google.android.gms:play-services-measurement-api:21.5.1] AndroidManifest.xml:32:13-58
171
172        <provider
172-->[com.google.firebase:firebase-common:20.4.2] AndroidManifest.xml:23:9-28:39
173            android:name="com.google.firebase.provider.FirebaseInitProvider"
173-->[com.google.firebase:firebase-common:20.4.2] AndroidManifest.xml:24:13-77
174            android:authorities="com.duplicateremover07.app.firebaseinitprovider"
174-->[com.google.firebase:firebase-common:20.4.2] AndroidManifest.xml:25:13-72
175            android:directBootAware="true"
175-->[com.google.firebase:firebase-common:20.4.2] AndroidManifest.xml:26:13-43
176            android:exported="false"
176-->[com.google.firebase:firebase-common:20.4.2] AndroidManifest.xml:27:13-37
177            android:initOrder="100" />
177-->[com.google.firebase:firebase-common:20.4.2] AndroidManifest.xml:28:13-36
178        <provider
178-->[androidx.emoji2:emoji2:1.2.0] AndroidManifest.xml:24:9-32:20
179            android:name="androidx.startup.InitializationProvider"
179-->[androidx.emoji2:emoji2:1.2.0] AndroidManifest.xml:25:13-67
180            android:authorities="com.duplicateremover07.app.androidx-startup"
180-->[androidx.emoji2:emoji2:1.2.0] AndroidManifest.xml:26:13-68
181            android:exported="false" >
181-->[androidx.emoji2:emoji2:1.2.0] AndroidManifest.xml:27:13-37
182            <meta-data
182-->[androidx.emoji2:emoji2:1.2.0] AndroidManifest.xml:29:13-31:52
183                android:name="androidx.emoji2.text.EmojiCompatInitializer"
183-->[androidx.emoji2:emoji2:1.2.0] AndroidManifest.xml:30:17-75
184                android:value="androidx.startup" />
184-->[androidx.emoji2:emoji2:1.2.0] AndroidManifest.xml:31:17-49
185            <meta-data
185-->[androidx.work:work-runtime:2.9.0] AndroidManifest.xml:34:13-36:52
186                android:name="androidx.work.WorkManagerInitializer"
186-->[androidx.work:work-runtime:2.9.0] AndroidManifest.xml:35:17-68
187                android:value="androidx.startup" />
187-->[androidx.work:work-runtime:2.9.0] AndroidManifest.xml:36:17-49
188            <meta-data
188-->[androidx.lifecycle:lifecycle-process:2.7.0] AndroidManifest.xml:29:13-31:52
189                android:name="androidx.lifecycle.ProcessLifecycleInitializer"
189-->[androidx.lifecycle:lifecycle-process:2.7.0] AndroidManifest.xml:30:17-78
190                android:value="androidx.startup" />
190-->[androidx.lifecycle:lifecycle-process:2.7.0] AndroidManifest.xml:31:17-49
191            <meta-data
191-->[androidx.profileinstaller:profileinstaller:1.3.0] AndroidManifest.xml:29:13-31:52
192                android:name="androidx.profileinstaller.ProfileInstallerInitializer"
192-->[androidx.profileinstaller:profileinstaller:1.3.0] AndroidManifest.xml:30:17-85
193                android:value="androidx.startup" />
193-->[androidx.profileinstaller:profileinstaller:1.3.0] AndroidManifest.xml:31:17-49
194        </provider>
195
196        <service
196-->[androidx.work:work-runtime:2.9.0] AndroidManifest.xml:39:9-45:35
197            android:name="androidx.work.impl.background.systemalarm.SystemAlarmService"
197-->[androidx.work:work-runtime:2.9.0] AndroidManifest.xml:40:13-88
198            android:directBootAware="false"
198-->[androidx.work:work-runtime:2.9.0] AndroidManifest.xml:41:13-44
199            android:enabled="@bool/enable_system_alarm_service_default"
199-->[androidx.work:work-runtime:2.9.0] AndroidManifest.xml:42:13-72
200            android:exported="false" />
200-->[androidx.work:work-runtime:2.9.0] AndroidManifest.xml:43:13-37
201        <service
201-->[androidx.work:work-runtime:2.9.0] AndroidManifest.xml:46:9-52:35
202            android:name="androidx.work.impl.background.systemjob.SystemJobService"
202-->[androidx.work:work-runtime:2.9.0] AndroidManifest.xml:47:13-84
203            android:directBootAware="false"
203-->[androidx.work:work-runtime:2.9.0] AndroidManifest.xml:48:13-44
204            android:enabled="@bool/enable_system_job_service_default"
204-->[androidx.work:work-runtime:2.9.0] AndroidManifest.xml:49:13-70
205            android:exported="true"
205-->[androidx.work:work-runtime:2.9.0] AndroidManifest.xml:50:13-36
206            android:permission="android.permission.BIND_JOB_SERVICE" />
206-->[androidx.work:work-runtime:2.9.0] AndroidManifest.xml:51:13-69
207        <service
207-->[androidx.work:work-runtime:2.9.0] AndroidManifest.xml:53:9-59:35
208            android:name="androidx.work.impl.foreground.SystemForegroundService"
208-->[androidx.work:work-runtime:2.9.0] AndroidManifest.xml:54:13-81
209            android:directBootAware="false"
209-->[androidx.work:work-runtime:2.9.0] AndroidManifest.xml:55:13-44
210            android:enabled="@bool/enable_system_foreground_service_default"
210-->[androidx.work:work-runtime:2.9.0] AndroidManifest.xml:56:13-77
211            android:exported="false" />
211-->[androidx.work:work-runtime:2.9.0] AndroidManifest.xml:57:13-37
212
213        <receiver
213-->[androidx.work:work-runtime:2.9.0] AndroidManifest.xml:61:9-66:35
214            android:name="androidx.work.impl.utils.ForceStopRunnable$BroadcastReceiver"
214-->[androidx.work:work-runtime:2.9.0] AndroidManifest.xml:62:13-88
215            android:directBootAware="false"
215-->[androidx.work:work-runtime:2.9.0] AndroidManifest.xml:63:13-44
216            android:enabled="true"
216-->[androidx.work:work-runtime:2.9.0] AndroidManifest.xml:64:13-35
217            android:exported="false" />
217-->[androidx.work:work-runtime:2.9.0] AndroidManifest.xml:65:13-37
218        <receiver
218-->[androidx.work:work-runtime:2.9.0] AndroidManifest.xml:67:9-77:20
219            android:name="androidx.work.impl.background.systemalarm.ConstraintProxy$BatteryChargingProxy"
219-->[androidx.work:work-runtime:2.9.0] AndroidManifest.xml:68:13-106
220            android:directBootAware="false"
220-->[androidx.work:work-runtime:2.9.0] AndroidManifest.xml:69:13-44
221            android:enabled="false"
221-->[androidx.work:work-runtime:2.9.0] AndroidManifest.xml:70:13-36
222            android:exported="false" >
222-->[androidx.work:work-runtime:2.9.0] AndroidManifest.xml:71:13-37
223            <intent-filter>
223-->[androidx.work:work-runtime:2.9.0] AndroidManifest.xml:73:13-76:29
224                <action android:name="android.intent.action.ACTION_POWER_CONNECTED" />
224-->[androidx.work:work-runtime:2.9.0] AndroidManifest.xml:74:17-87
224-->[androidx.work:work-runtime:2.9.0] AndroidManifest.xml:74:25-84
225                <action android:name="android.intent.action.ACTION_POWER_DISCONNECTED" />
225-->[androidx.work:work-runtime:2.9.0] AndroidManifest.xml:75:17-90
225-->[androidx.work:work-runtime:2.9.0] AndroidManifest.xml:75:25-87
226            </intent-filter>
227        </receiver>
228        <receiver
228-->[androidx.work:work-runtime:2.9.0] AndroidManifest.xml:78:9-88:20
229            android:name="androidx.work.impl.background.systemalarm.ConstraintProxy$BatteryNotLowProxy"
229-->[androidx.work:work-runtime:2.9.0] AndroidManifest.xml:79:13-104
230            android:directBootAware="false"
230-->[androidx.work:work-runtime:2.9.0] AndroidManifest.xml:80:13-44
231            android:enabled="false"
231-->[androidx.work:work-runtime:2.9.0] AndroidManifest.xml:81:13-36
232            android:exported="false" >
232-->[androidx.work:work-runtime:2.9.0] AndroidManifest.xml:82:13-37
233            <intent-filter>
233-->[androidx.work:work-runtime:2.9.0] AndroidManifest.xml:84:13-87:29
234                <action android:name="android.intent.action.BATTERY_OKAY" />
234-->[androidx.work:work-runtime:2.9.0] AndroidManifest.xml:85:17-77
234-->[androidx.work:work-runtime:2.9.0] AndroidManifest.xml:85:25-74
235                <action android:name="android.intent.action.BATTERY_LOW" />
235-->[androidx.work:work-runtime:2.9.0] AndroidManifest.xml:86:17-76
235-->[androidx.work:work-runtime:2.9.0] AndroidManifest.xml:86:25-73
236            </intent-filter>
237        </receiver>
238        <receiver
238-->[androidx.work:work-runtime:2.9.0] AndroidManifest.xml:89:9-99:20
239            android:name="androidx.work.impl.background.systemalarm.ConstraintProxy$StorageNotLowProxy"
239-->[androidx.work:work-runtime:2.9.0] AndroidManifest.xml:90:13-104
240            android:directBootAware="false"
240-->[androidx.work:work-runtime:2.9.0] AndroidManifest.xml:91:13-44
241            android:enabled="false"
241-->[androidx.work:work-runtime:2.9.0] AndroidManifest.xml:92:13-36
242            android:exported="false" >
242-->[androidx.work:work-runtime:2.9.0] AndroidManifest.xml:93:13-37
243            <intent-filter>
243-->[androidx.work:work-runtime:2.9.0] AndroidManifest.xml:95:13-98:29
244                <action android:name="android.intent.action.DEVICE_STORAGE_LOW" />
244-->[androidx.work:work-runtime:2.9.0] AndroidManifest.xml:96:17-83
244-->[androidx.work:work-runtime:2.9.0] AndroidManifest.xml:96:25-80
245                <action android:name="android.intent.action.DEVICE_STORAGE_OK" />
245-->[androidx.work:work-runtime:2.9.0] AndroidManifest.xml:97:17-82
245-->[androidx.work:work-runtime:2.9.0] AndroidManifest.xml:97:25-79
246            </intent-filter>
247        </receiver>
248        <receiver
248-->[androidx.work:work-runtime:2.9.0] AndroidManifest.xml:100:9-109:20
249            android:name="androidx.work.impl.background.systemalarm.ConstraintProxy$NetworkStateProxy"
249-->[androidx.work:work-runtime:2.9.0] AndroidManifest.xml:101:13-103
250            android:directBootAware="false"
250-->[androidx.work:work-runtime:2.9.0] AndroidManifest.xml:102:13-44
251            android:enabled="false"
251-->[androidx.work:work-runtime:2.9.0] AndroidManifest.xml:103:13-36
252            android:exported="false" >
252-->[androidx.work:work-runtime:2.9.0] AndroidManifest.xml:104:13-37
253            <intent-filter>
253-->[androidx.work:work-runtime:2.9.0] AndroidManifest.xml:106:13-108:29
254                <action android:name="android.net.conn.CONNECTIVITY_CHANGE" />
254-->[androidx.work:work-runtime:2.9.0] AndroidManifest.xml:107:17-79
254-->[androidx.work:work-runtime:2.9.0] AndroidManifest.xml:107:25-76
255            </intent-filter>
256        </receiver>
257        <receiver
257-->[androidx.work:work-runtime:2.9.0] AndroidManifest.xml:110:9-121:20
258            android:name="androidx.work.impl.background.systemalarm.RescheduleReceiver"
258-->[androidx.work:work-runtime:2.9.0] AndroidManifest.xml:111:13-88
259            android:directBootAware="false"
259-->[androidx.work:work-runtime:2.9.0] AndroidManifest.xml:112:13-44
260            android:enabled="false"
260-->[androidx.work:work-runtime:2.9.0] AndroidManifest.xml:113:13-36